   0x0000000000401126 <+0>:	push   %r12
   0x0000000000401128 <+2>:	push   %rbp
   0x0000000000401129 <+3>:	push   %rbx
   0x000000000040112a <+4>:	sub    $0x60,%rsp
   0x000000000040112e <+8>:	lea    0x30(%rsp),%rsi  // Init

   0x0000000000401133 <+13>:	callq  0x40162d <read_six_numbers>
   0x0000000000401138 <+18>:	mov    $0x0,%ebp
   0x000000000040113d <+23>:	jmp    0x40117a <phase_6+84>
   0x000000000040113f <+25>:	mov    0x30(%rsp,%rbp,8),%rax
   0x0000000000401144 <+30>:	sub    $0x1,%rax              // %rax = input - 1
   0x0000000000401148 <+34>:	cmp    $0x5,%rax
   0x000000000040114c <+38>:	jbe    0x401153 <phase_6+45>  // each entered number must be <= 6
   0x000000000040114e <+40>:	callq  0x4015f7 <explode_bomb>

   0x0000000000401153 <+45>:	lea    0x1(%rbp),%r12  // move ($rbp) + 1 to $r12
   0x0000000000401157 <+49>:	mov    %r12,%rbx
   0x000000000040115a <+52>:	jmp    0x401171 <phase_6+75>
   0x000000000040115c <+54>:	mov    0x30(%rsp,%rbx,8),%rax                // 54
   0x0000000000401161 <+59>:	cmp    %rax,0x30(%rsp,%rbp,8)
   0x0000000000401166 <+64>:	jne    0x40116d <phase_6+71>  // require 6 unique numbers
   0x0000000000401168 <+66>:	callq  0x4015f7 <explode_bomb>
   0x000000000040116d <+71>:	add    $0x1,%rbx
   0x0000000000401171 <+75>:	cmp    $0x5,%rbx                             // 75
   0x0000000000401175 <+79>:	jle    0x40115c <phase_6+54>
   0x0000000000401177 <+81>:	mov    %r12,%rbp
   0x000000000040117a <+84>:	cmp    $0x5,%rbp                             // 84
   0x000000000040117e <+88>:	jle    0x40113f <phase_6+25>  // for rbp <= 5, go back
   
   // Previous part checked for 6 unique numbers less than or equal to 6
   
   0x0000000000401180 <+90>:	mov    $0x0,%ecx
   0x0000000000401185 <+95>:	jmp    0x4011aa <phase_6+132>
   0x0000000000401187 <+97>:	mov    0x10(%rdx),%rdx
   0x000000000040118b <+101>:	add    $0x1,%rax
   0x000000000040118f <+105>:	jmp    0x40119b <phase_6+117>
   0x0000000000401191 <+107>:	mov    $0x1,%eax
   0x0000000000401196 <+112>:	mov    $0x604300,%edx
   0x000000000040119b <+117>:	cmp    %rax,0x30(%rsp,%rcx,8)
   0x00000000004011a0 <+122>:	jg     0x401187 <phase_6+97>
   0x00000000004011a2 <+124>:	mov    %rdx,(%rsp,%rcx,8)
   0x00000000004011a6 <+128>:	add    $0x1,%rcx
   0x00000000004011aa <+132>:	cmp    $0x5,%rcx              // 132
   0x00000000004011ae <+136>:	jle    0x401191 <phase_6+107>

   0x00000000004011b0 <+138>:	mov    (%rsp),%rbx
   0x00000000004011b4 <+142>:	mov    %rbx,%rcx
   0x00000000004011b7 <+145>:	mov    $0x1,%eax
   0x00000000004011bc <+150>:	jmp    0x4011cd <phase_6+167>
   0x00000000004011be <+152>:	mov    (%rsp,%rax,8),%rdx
   0x00000000004011c2 <+156>:	mov    %rdx,0x10(%rcx)
   0x00000000004011c6 <+160>:	add    $0x1,%rax
   0x00000000004011ca <+164>:	mov    %rdx,%rcx
   0x00000000004011cd <+167>:	cmp    $0x5,%rax                           // 167
   0x00000000004011d1 <+171>:	jle    0x4011be <phase_6+152>
   0x00000000004011d3 <+173>:	movq   $0x0,0x10(%rcx)
   0x00000000004011db <+181>:	mov    $0x0,%ebp
   0x00000000004011e0 <+186>:	jmp    0x4011fb <phase_6+213>
   0x00000000004011e2 <+188>:	mov    0x10(%rbx),%rax                     // 188
   0x00000000004011e6 <+192>:	mov    (%rax),%rax
   0x00000000004011e9 <+195>:	cmp    %rax,(%rbx)
   0x00000000004011ec <+198>:	jle    0x4011f3 <phase_6+205>
   0x00000000004011ee <+200>:	callq  0x4015f7 <explode_bomb>
   0x00000000004011f3 <+205>:	mov    0x10(%rbx),%rbx
   0x00000000004011f7 <+209>:	add    $0x1,%rbp
   0x00000000004011fb <+213>:	cmp    $0x4,%rbp                           // 213
   0x00000000004011ff <+217>:	jle    0x4011e2 <phase_6+188>
   0x0000000000401201 <+219>:	add    $0x60,%rsp
   0x0000000000401205 <+223>:	pop    %rbx
   0x0000000000401206 <+224>:	pop    %rbp
   0x0000000000401207 <+225>:	pop    %r12

(gdb) print *(int *) ($rsp)
$85 = 6308608
(gdb) print *(int *) ($rsp + 0x8)
$86 = 6308640
(gdb) print *(int *) ($rsp + 0x10)
$87 = 6308672
(gdb) print *(int *) ($rsp + 0x18)
$88 = 6308704
(gdb) print *(int *) ($rsp + 0x20)
$89 = 6308736
(gdb) print *(int *) ($rsp + 0x28)
$90 = 6308768